<?xml version="1.0" encoding="UTF-8"?>
<!-- Generated by org.testng.reporters.JUnitReportReporter -->
<testsuite hostname="Diksha" failures="0" tests="8" name="com.anz.runner.Runner" time="32.765" errors="0" timestamp="2023-05-25T17:12:27 IST" skipped="0">
  <testcase classname="com.anz.runner.Runner" name="runScenario" time="6.176"/>
  <system-out/>
  <testcase classname="com.anz.runner.Runner" name="runScenario" time="13.333"/>
  <system-out/>
  <testcase classname="com.anz.runner.Runner" name="runScenario" time="9.095"/>
  <system-out/>
  <testcase classname="com.anz.runner.Runner" name="runScenario" time="0.754"/>
  <system-out/>
  <testcase classname="com.anz.runner.Runner" name="runScenario" time="1.503"/>
  <system-out/>
  <testcase classname="com.anz.runner.Runner" name="runScenario" time="0.675"/>
  <system-out/>
  <testcase classname="com.anz.runner.Runner" name="runScenario" time="0.663"/>
  <system-out/>
  <testcase classname="com.anz.runner.Runner" name="runScenario" time="0.566"/>
  <system-out/>
</testsuite> <!-- com.anz.runner.Runner -->
